#
# There is insufficient memory for the Java Runtime Environment to continue.
# Native memory allocation (malloc) failed to allocate 2238096 bytes for Chunk::new
# Possible reasons:
#   The system is out of physical RAM or swap space
#   The process is running with CompressedOops enabled, and the Java Heap may be blocking the growth of the native heap
# Possible solutions:
#   Reduce memory load on the system
#   Increase physical memory or swap space
#   Check if swap backing store is full
#   Decrease Java heap size (-Xmx/-Xms)
#   Decrease number of Java threads
#   Decrease Java thread stack sizes (-Xss)
#   Set larger code cache with -XX:ReservedCodeCacheSize=
#   JVM is running with Zero Based Compressed Oops mode in which the Java heap is
#     placed in the first 32GB address space. The Java Heap base address is the
#     maximum limit for the native heap growth. Please use -XX:HeapBaseMinAddress
#     to set the Java Heap base and to place the Java Heap above 32GB virtual address.
# This output file may be truncated or incomplete.
#
#  Out of Memory Error (t:/workspace/open/src/hotspot/share/memory/arena.cpp:197), pid=15128, tid=2544
#
# JRE version: Java(TM) SE Runtime Environment (12.0.2+10) (build 12.0.2+10)
# Java VM: Java HotSpot(TM) 64-Bit Server VM (12.0.2+10, mixed mode, sharing, tiered, compressed oops, g1 gc, windows-amd64)
# No core dump will be written. Minidumps are not enabled by default on client versions of Windows
#

---------------  S U M M A R Y ------------

Command Line: -Dfile.encoding=UTF-8 com.assignment.recipe.app.Application

Host: Intel(R) Core(TM) i5-7200U CPU @ 2.50GHz, 4 cores, 11G,  Windows 10 , 64 bit Build 18362 (10.0.18362.86)
Time: Sat Sep 14 00:14:36 2019 Pacific Daylight Time elapsed time: 2 seconds (0d 0h 0m 2s)

---------------  T H R E A D  ---------------

Current thread (0x000001eebe340000):  JavaThread "C2 CompilerThread1" daemon [_thread_in_native, id=2544, stack(0x000000ae9c300000,0x000000ae9c400000)]


Current CompileTask:
C2:   2468 2260   !   4       jdk.internal.loader.BuiltinClassLoader::loadClassOrNull (143 bytes)

Stack: [0x000000ae9c300000,0x000000ae9c400000]
Native frames: (J=compiled Java code, j=interpreted, Vv=VM code, C=native code)
V  [jvm.dll+0x63aa2a]
V  [jvm.dll+0x78ce1e]
V  [jvm.dll+0x78e4c1]
V  [jvm.dll+0x78eb13]
V  [jvm.dll+0x2627e8]
V  [jvm.dll+0xc55cc]
V  [jvm.dll+0xc5b4c]
V  [jvm.dll+0x37a632]
V  [jvm.dll+0x3463d3]
V  [jvm.dll+0x34579a]
V  [jvm.dll+0x21c205]
V  [jvm.dll+0x21b3da]
V  [jvm.dll+0x199a20]
V  [jvm.dll+0x22a744]
V  [jvm.dll+0x228d98]
V  [jvm.dll+0x7512a0]
V  [jvm.dll+0x74a2c8]
V  [jvm.dll+0x639b16]
C  [ucrtbase.dll+0x1d9f2]
C  [KERNEL32.DLL+0x17bd4]
C  [ntdll.dll+0x6ce71]


---------------  P R O C E S S  ---------------

Threads class SMR info:
_java_thread_list=0x000001eec2678f00, length=14, elements={
0x000001ee9c907800, 0x000001eebdb78000, 0x000001eebdb7a000, 0x000001eebdb96800,
0x000001eebdb97800, 0x000001eebdb9a800, 0x000001eebdc01800, 0x000001eebdc1a800,
0x000001eebdcda800, 0x000001eebdce5000, 0x000001eebe340000, 0x000001eebe7d6000,
0x000001eebe862000, 0x000001eebf2e7800
}

Java Threads: ( => current thread )
  0x000001ee9c907800 JavaThread "main" [_thread_blocked, id=11636, stack(0x000000ae9b200000,0x000000ae9b300000)]
  0x000001eebdb78000 JavaThread "Reference Handler" daemon [_thread_blocked, id=4552, stack(0x000000ae9b900000,0x000000ae9ba00000)]
  0x000001eebdb7a000 JavaThread "Finalizer" daemon [_thread_blocked, id=13140, stack(0x000000ae9ba00000,0x000000ae9bb00000)]
  0x000001eebdb96800 JavaThread "Signal Dispatcher" daemon [_thread_blocked, id=15012, stack(0x000000ae9bb00000,0x000000ae9bc00000)]
  0x000001eebdb97800 JavaThread "Attach Listener" daemon [_thread_blocked, id=2568, stack(0x000000ae9bc00000,0x000000ae9bd00000)]
  0x000001eebdb9a800 JavaThread "C2 CompilerThread0" daemon [_thread_in_native, id=12220, stack(0x000000ae9bd00000,0x000000ae9be00000)]
  0x000001eebdc01800 JavaThread "C1 CompilerThread0" daemon [_thread_blocked, id=17796, stack(0x000000ae9be00000,0x000000ae9bf00000)]
  0x000001eebdc1a800 JavaThread "Sweeper thread" daemon [_thread_blocked, id=11176, stack(0x000000ae9bf00000,0x000000ae9c000000)]
  0x000001eebdcda800 JavaThread "Service Thread" daemon [_thread_blocked, id=9456, stack(0x000000ae9c000000,0x000000ae9c100000)]
  0x000001eebdce5000 JavaThread "Common-Cleaner" daemon [_thread_blocked, id=11852, stack(0x000000ae9c200000,0x000000ae9c300000)]
=>0x000001eebe340000 JavaThread "C2 CompilerThread1" daemon [_thread_in_native, id=2544, stack(0x000000ae9c300000,0x000000ae9c400000)]
  0x000001eebe7d6000 JavaThread "Thread-0" [_thread_blocked, id=12524, stack(0x000000ae9c800000,0x000000ae9c900000)]
  0x000001eebe862000 JavaThread "restartedMain" [_thread_in_vm, id=11660, stack(0x000000ae9c900000,0x000000ae9ca00000)]
  0x000001eebf2e7800 JavaThread "Thread-3" [_thread_blocked, id=1232, stack(0x000000ae9ca00000,0x000000ae9cb00000)]

Other Threads:
  0x000001eebdb75800 VMThread "VM Thread" [stack: 0x000000ae9b800000,0x000000ae9b900000] [id=15492]
  0x000001eebdcdc000 WatcherThread [stack: 0x000000ae9c100000,0x000000ae9c200000] [id=9972]
  0x000001ee9c959000 GCTaskThread "GC Thread#0" [stack: 0x000000ae9b300000,0x000000ae9b400000] [id=17480]
  0x000001eebe812800 GCTaskThread "GC Thread#1" [stack: 0x000000ae9c400000,0x000000ae9c500000] [id=17660]
  0x000001eebe9d8000 GCTaskThread "GC Thread#2" [stack: 0x000000ae9c500000,0x000000ae9c600000] [id=18400]
  0x000001eebe9d9000 GCTaskThread "GC Thread#3" [stack: 0x000000ae9c600000,0x000000ae9c700000] [id=15472]
  0x000001ee9c96e000 ConcurrentGCThread "G1 Main Marker" [stack: 0x000000ae9b400000,0x000000ae9b500000] [id=5112]
  0x000001ee9c971800 ConcurrentGCThread "G1 Conc#0" [stack: 0x000000ae9b500000,0x000000ae9b600000] [id=2144]
  0x000001eebd1ef800 ConcurrentGCThread "G1 Refine#0" [stack: 0x000000ae9b600000,0x000000ae9b700000] [id=6644]
  0x000001eebdeab800 ConcurrentGCThread "G1 Refine#1" [stack: 0x000000ae9c700000,0x000000ae9c800000] [id=7004]
  0x000001eebd1f0800 ConcurrentGCThread "G1 Young RemSet Sampling" [stack: 0x000000ae9b700000,0x000000ae9b800000] [id=8456]

Threads with active compile tasks:
C2 CompilerThread0  2325   !   4       org.apache.tomcat.util.IntrospectionUtils::setProperty (736 bytes)
C2 CompilerThread1  2260   !   4       jdk.internal.loader.BuiltinClassLoader::loadClassOrNull (143 bytes)

VM state:not at safepoint (normal execution)

VM Mutex/Monitor currently owned by a thread: None

Heap address: 0x0000000741800000, size: 3048 MB, Compressed Oops mode: Zero based, Oop shift amount: 3
Narrow klass base: 0x0000000800000000, Narrow klass shift: 3
Compressed class space size: 1073741824 Address: 0x0000000801190000

Heap:
 garbage-first heap   total 196608K, used 112289K [0x0000000741800000, 0x0000000800000000)
  region size 1024K, 106 young (108544K), 2 survivors (2048K)
 Metaspace       used 20190K, capacity 20795K, committed 20992K, reserved 1067008K
  class space    used 2509K, capacity 2731K, committed 2816K, reserved 1048576K
Heap Regions: E=young(eden), S=young(survivor), O=old, HS=humongous(starts), HC=humongous(continues), CS=collection set, F=free, A=archive, TAMS=top-at-mark-start (previous, next)
|   0|0x0000000741800000, 0x0000000741900000, 0x0000000741900000|100%|HS|  |TAMS 0x0000000741800000, 0x0000000741800000| Complete 
|   1|0x0000000741900000, 0x0000000741a00000, 0x0000000741a00000|100%| O|  |TAMS 0x0000000741900000, 0x0000000741900000| Untracked 
|   2|0x0000000741a00000, 0x0000000741b00000, 0x0000000741b00000|100%| O|  |TAMS 0x0000000741a00000, 0x0000000741a00000| Untracked 
|   3|0x0000000741b00000, 0x0000000741c00000, 0x0000000741c00000|100%| O|  |TAMS 0x0000000741b00000, 0x0000000741b00000| Untracked 
|   4|0x0000000741c00000, 0x0000000741d00000, 0x0000000741d00000|100%| O|  |TAMS 0x0000000741c00000, 0x0000000741c00000| Untracked 
|   5|0x0000000741d00000, 0x0000000741db8e00, 0x0000000741e00000| 72%| O|  |TAMS 0x0000000741d00000, 0x0000000741d00000| Untracked 
|   6|0x0000000741e00000, 0x0000000741e00000, 0x0000000741f00000|  0%| F|  |TAMS 0x0000000741e00000, 0x0000000741e00000| Untracked 
|   7|0x0000000741f00000, 0x0000000741f00000, 0x0000000742000000|  0%| F|  |TAMS 0x0000000741f00000, 0x0000000741f00000| Untracked 
|   8|0x0000000742000000, 0x0000000742000000, 0x0000000742100000|  0%| F|  |TAMS 0x0000000742000000, 0x0000000742000000| Untracked 
|   9|0x0000000742100000, 0x0000000742100000, 0x0000000742200000|  0%| F|  |TAMS 0x0000000742100000, 0x0000000742100000| Untracked 
|  10|0x0000000742200000, 0x0000000742200000, 0x0000000742300000|  0%| F|  |TAMS 0x0000000742200000, 0x0000000742200000| Untracked 
|  11|0x0000000742300000, 0x0000000742300000, 0x0000000742400000|  0%| F|  |TAMS 0x0000000742300000, 0x0000000742300000| Untracked 
|  12|0x0000000742400000, 0x0000000742400000, 0x0000000742500000|  0%| F|  |TAMS 0x0000000742400000, 0x0000000742400000| Untracked 
|  13|0x0000000742500000, 0x0000000742500000, 0x0000000742600000|  0%| F|  |TAMS 0x0000000742500000, 0x0000000742500000| Untracked 
|  14|0x0000000742600000, 0x0000000742600000, 0x0000000742700000|  0%| F|  |TAMS 0x0000000742600000, 0x0000000742600000| Untracked 
|  15|0x0000000742700000, 0x0000000742700000, 0x0000000742800000|  0%| F|  |TAMS 0x0000000742700000, 0x0000000742700000| Untracked 
|  16|0x0000000742800000, 0x0000000742800000, 0x0000000742900000|  0%| F|  |TAMS 0x0000000742800000, 0x0000000742800000| Untracked 
|  17|0x0000000742900000, 0x0000000742900000, 0x0000000742a00000|  0%| F|  |TAMS 0x0000000742900000, 0x0000000742900000| Untracked 
|  18|0x0000000742a00000, 0x0000000742a00000, 0x0000000742b00000|  0%| F|  |TAMS 0x0000000742a00000, 0x0000000742a00000| Untracked 
|  19|0x0000000742b00000, 0x0000000742b00000, 0x0000000742c00000|  0%| F|  |TAMS 0x0000000742b00000, 0x0000000742b00000| Untracked 
|  20|0x0000000742c00000, 0x0000000742c00000, 0x0000000742d00000|  0%| F|  |TAMS 0x0000000742c00000, 0x0000000742c00000| Untracked 
|  21|0x0000000742d00000, 0x0000000742d00000, 0x0000000742e00000|  0%| F|  |TAMS 0x0000000742d00000, 0x0000000742d00000| Untracked 
|  22|0x0000000742e00000, 0x0000000742e00000, 0x0000000742f00000|  0%| F|  |TAMS 0x0000000742e00000, 0x0000000742e00000| Untracked 
|  23|0x0000000742f00000, 0x0000000742f00000, 0x0000000743000000|  0%| F|  |TAMS 0x0000000742f00000, 0x0000000742f00000| Untracked 
|  24|0x0000000743000000, 0x0000000743000000, 0x0000000743100000|  0%| F|  |TAMS 0x0000000743000000, 0x0000000743000000| Untracked 
|  25|0x0000000743100000, 0x0000000743100000, 0x0000000743200000|  0%| F|  |TAMS 0x0000000743100000, 0x0000000743100000| Untracked 
|  26|0x0000000743200000, 0x0000000743200000, 0x0000000743300000|  0%| F|  |TAMS 0x0000000743200000, 0x0000000743200000| Untracked 
|  27|0x0000000743300000, 0x0000000743300000, 0x0000000743400000|  0%| F|  |TAMS 0x0000000743300000, 0x0000000743300000| Untracked 
|  28|0x0000000743400000, 0x0000000743400000, 0x0000000743500000|  0%| F|  |TAMS 0x0000000743400000, 0x0000000743400000| Untracked 
|  29|0x0000000743500000, 0x0000000743500000, 0x0000000743600000|  0%| F|  |TAMS 0x0000000743500000, 0x0000000743500000| Untracked 
|  30|0x0000000743600000, 0x0000000743600000, 0x0000000743700000|  0%| F|  |TAMS 0x0000000743600000, 0x0000000743600000| Untracked 
|  31|0x0000000743700000, 0x0000000743700000, 0x0000000743800000|  0%| F|  |TAMS 0x0000000743700000, 0x0000000743700000| Untracked 
|  32|0x0000000743800000, 0x0000000743800000, 0x0000000743900000|  0%| F|  |TAMS 0x0000000743800000, 0x0000000743800000| Untracked 
|  33|0x0000000743900000, 0x0000000743900000, 0x0000000743a00000|  0%| F|  |TAMS 0x0000000743900000, 0x0000000743900000| Untracked 
|  34|0x0000000743a00000, 0x0000000743a00000, 0x0000000743b00000|  0%| F|  |TAMS 0x0000000743a00000, 0x0000000743a00000| Untracked 
|  35|0x0000000743b00000, 0x0000000743b00000, 0x0000000743c00000|  0%| F|  |TAMS 0x0000000743b00000, 0x0000000743b00000| Untracked 
|  36|0x0000000743c00000, 0x0000000743c00000, 0x0000000743d00000|  0%| F|  |TAMS 0x0000000743c00000, 0x0000000743c00000| Untracked 
|  37|0x0000000743d00000, 0x0000000743d00000, 0x0000000743e00000|  0%| F|  |TAMS 0x0000000743d00000, 0x0000000743d00000| Untracked 
|  38|0x0000000743e00000, 0x0000000743e00000, 0x0000000743f00000|  0%| F|  |TAMS 0x0000000743e00000, 0x0000000743e00000| Untracked 
|  39|0x0000000743f00000, 0x0000000743f00000, 0x0000000744000000|  0%| F|  |TAMS 0x0000000743f00000, 0x0000000743f00000| Untracked 
|  40|0x0000000744000000, 0x0000000744000000, 0x0000000744100000|  0%| F|  |TAMS 0x0000000744000000, 0x0000000744000000| Untracked 
|  41|0x0000000744100000, 0x0000000744100000, 0x0000000744200000|  0%| F|  |TAMS 0x0000000744100000, 0x0000000744100000| Untracked 
|  42|0x0000000744200000, 0x0000000744200000, 0x0000000744300000|  0%| F|  |TAMS 0x0000000744200000, 0x0000000744200000| Untracked 
|  43|0x0000000744300000, 0x0000000744300000, 0x0000000744400000|  0%| F|  |TAMS 0x0000000744300000, 0x0000000744300000| Untracked 
|  44|0x0000000744400000, 0x0000000744400000, 0x0000000744500000|  0%| F|  |TAMS 0x0000000744400000, 0x0000000744400000| Untracked 
|  45|0x0000000744500000, 0x0000000744500000, 0x0000000744600000|  0%| F|  |TAMS 0x0000000744500000, 0x0000000744500000| Untracked 
|  46|0x0000000744600000, 0x0000000744600000, 0x0000000744700000|  0%| F|  |TAMS 0x0000000744600000, 0x0000000744600000| Untracked 
|  47|0x0000000744700000, 0x0000000744700000, 0x0000000744800000|  0%| F|  |TAMS 0x0000000744700000, 0x0000000744700000| Untracked 
|  48|0x0000000744800000, 0x0000000744800000, 0x0000000744900000|  0%| F|  |TAMS 0x0000000744800000, 0x0000000744800000| Untracked 
|  49|0x0000000744900000, 0x0000000744900000, 0x0000000744a00000|  0%| F|  |TAMS 0x0000000744900000, 0x0000000744900000| Untracked 
|  50|0x0000000744a00000, 0x0000000744a00000, 0x0000000744b00000|  0%| F|  |TAMS 0x0000000744a00000, 0x0000000744a00000| Untracked 
|  51|0x0000000744b00000, 0x0000000744b00000, 0x0000000744c00000|  0%| F|  |TAMS 0x0000000744b00000, 0x0000000744b00000| Untracked 
|  52|0x0000000744c00000, 0x0000000744c00000, 0x0000000744d00000|  0%| F|  |TAMS 0x0000000744c00000, 0x0000000744c00000| Untracked 
|  53|0x0000000744d00000, 0x0000000744d00000, 0x0000000744e00000|  0%| F|  |TAMS 0x0000000744d00000, 0x0000000744d00000| Untracked 
|  54|0x0000000744e00000, 0x0000000744e00000, 0x0000000744f00000|  0%| F|  |TAMS 0x0000000744e00000, 0x0000000744e00000| Untracked 
|  55|0x0000000744f00000, 0x0000000744f00000, 0x0000000745000000|  0%| F|  |TAMS 0x0000000744f00000, 0x0000000744f00000| Untracked 
|  56|0x0000000745000000, 0x0000000745000000, 0x0000000745100000|  0%| F|  |TAMS 0x0000000745000000, 0x0000000745000000| Untracked 
|  57|0x0000000745100000, 0x0000000745100000, 0x0000000745200000|  0%| F|  |TAMS 0x0000000745100000, 0x0000000745100000| Untracked 
|  58|0x0000000745200000, 0x0000000745200000, 0x0000000745300000|  0%| F|  |TAMS 0x0000000745200000, 0x0000000745200000| Untracked 
|  59|0x0000000745300000, 0x0000000745300000, 0x0000000745400000|  0%| F|  |TAMS 0x0000000745300000, 0x0000000745300000| Untracked 
|  60|0x0000000745400000, 0x0000000745400000, 0x0000000745500000|  0%| F|  |TAMS 0x0000000745400000, 0x0000000745400000| Untracked 
|  61|0x0000000745500000, 0x0000000745500000, 0x0000000745600000|  0%| F|  |TAMS 0x0000000745500000, 0x0000000745500000| Untracked 
|  62|0x0000000745600000, 0x0000000745600000, 0x0000000745700000|  0%| F|  |TAMS 0x0000000745600000, 0x0000000745600000| Untracked 
|  63|0x0000000745700000, 0x0000000745700000, 0x0000000745800000|  0%| F|  |TAMS 0x0000000745700000, 0x0000000745700000| Untracked 
|  64|0x0000000745800000, 0x0000000745800000, 0x0000000745900000|  0%| F|  |TAMS 0x0000000745800000, 0x0000000745800000| Untracked 
|  65|0x0000000745900000, 0x0000000745900000, 0x0000000745a00000|  0%| F|  |TAMS 0x0000000745900000, 0x0000000745900000| Untracked 
|  66|0x0000000745a00000, 0x0000000745a00000, 0x0000000745b00000|  0%| F|  |TAMS 0x0000000745a00000, 0x0000000745a00000| Untracked 
|  67|0x0000000745b00000, 0x0000000745b00000, 0x0000000745c00000|  0%| F|  |TAMS 0x0000000745b00000, 0x0000000745b00000| Untracked 
|  68|0x0000000745c00000, 0x0000000745c00000, 0x0000000745d00000|  0%| F|  |TAMS 0x0000000745c00000, 0x0000000745c00000| Untracked 
|  69|0x0000000745d00000, 0x0000000745d00000, 0x0000000745e00000|  0%| F|  |TAMS 0x0000000745d00000, 0x0000000745d00000| Untracked 
|  70|0x0000000745e00000, 0x0000000745e00000, 0x0000000745f00000|  0%| F|  |TAMS 0x0000000745e00000, 0x0000000745e00000| Untracked 
|  71|0x0000000745f00000, 0x0000000745f00000, 0x0000000746000000|  0%| F|  |TAMS 0x0000000745f00000, 0x0000000745f00000| Untracked 
|  72|0x0000000746000000, 0x0000000746000000, 0x0000000746100000|  0%| F|  |TAMS 0x0000000746000000, 0x0000000746000000| Untracked 
|  73|0x0000000746100000, 0x0000000746100000, 0x0000000746200000|  0%| F|  |TAMS 0x0000000746100000, 0x0000000746100000| Untracked 
|  74|0x0000000746200000, 0x0000000746200000, 0x0000000746300000|  0%| F|  |TAMS 0x0000000746200000, 0x0000000746200000| Untracked 
|  75|0x0000000746300000, 0x0000000746300000, 0x0000000746400000|  0%| F|  |TAMS 0x0000000746300000, 0x0000000746300000| Untracked 
|  76|0x0000000746400000, 0x0000000746400000, 0x0000000746500000|  0%| F|  |TAMS 0x0000000746400000, 0x0000000746400000| Untracked 
|  77|0x0000000746500000, 0x0000000746500000, 0x0000000746600000|  0%| F|  |TAMS 0x0000000746500000, 0x0000000746500000| Untracked 
|  78|0x0000000746600000, 0x0000000746600000, 0x0000000746700000|  0%| F|  |TAMS 0x0000000746600000, 0x0000000746600000| Untracked 
|  79|0x0000000746700000, 0x0000000746700000, 0x0000000746800000|  0%| F|  |TAMS 0x0000000746700000, 0x0000000746700000| Untracked 
|  80|0x0000000746800000, 0x0000000746800000, 0x0000000746900000|  0%| F|  |TAMS 0x0000000746800000, 0x0000000746800000| Untracked 
|  81|0x0000000746900000, 0x0000000746900000, 0x0000000746a00000|  0%| F|  |TAMS 0x0000000746900000, 0x0000000746900000| Untracked 
|  82|0x0000000746a00000, 0x0000000746a00000, 0x0000000746b00000|  0%| F|  |TAMS 0x0000000746a00000, 0x0000000746a00000| Untracked 
|  83|0x0000000746b00000, 0x0000000746b00000, 0x0000000746c00000|  0%| F|  |TAMS 0x0000000746b00000, 0x0000000746b00000| Untracked 
|  84|0x0000000746c00000, 0x0000000746cdde20, 0x0000000746d00000| 86%| S|  |TAMS 0x0000000746c00000, 0x0000000746c00000| Complete 
|  85|0x0000000746d00000, 0x0000000746e00000, 0x0000000746e00000|100%| E|CS|TAMS 0x0000000746d00000, 0x0000000746d00000| Complete 
|  86|0x0000000746e00000, 0x0000000746f00000, 0x0000000746f00000|100%| E|CS|TAMS 0x0000000746e00000, 0x0000000746e00000| Complete 
|  87|0x0000000746f00000, 0x0000000747000000, 0x0000000747000000|100%| E|CS|TAMS 0x0000000746f00000, 0x0000000746f00000| Complete 
|  88|0x0000000747000000, 0x0000000747100000, 0x0000000747100000|100%| E|CS|TAMS 0x0000000747000000, 0x0000000747000000| Complete 
|  89|0x0000000747100000, 0x00000007471f4440, 0x0000000747200000| 95%| E|CS|TAMS 0x0000000747100000, 0x0000000747100000| Complete 
|  90|0x0000000747200000, 0x0000000747300000, 0x0000000747300000|100%| E|CS|TAMS 0x0000000747200000, 0x0000000747200000| Complete 
|  91|0x0000000747300000, 0x0000000747400000, 0x0000000747400000|100%| E|CS|TAMS 0x0000000747300000, 0x0000000747300000| Complete 
|  92|0x0000000747400000, 0x0000000747500000, 0x0000000747500000|100%| E|CS|TAMS 0x0000000747400000, 0x0000000747400000| Complete 
|  93|0x0000000747500000, 0x0000000747600000, 0x0000000747600000|100%| E|CS|TAMS 0x0000000747500000, 0x0000000747500000| Complete 
|  94|0x0000000747600000, 0x0000000747700000, 0x0000000747700000|100%| E|CS|TAMS 0x0000000747600000, 0x0000000747600000| Complete 
|  95|0x0000000747700000, 0x0000000747800000, 0x0000000747800000|100%| E|CS|TAMS 0x0000000747700000, 0x0000000747700000| Complete 
|  96|0x0000000747800000, 0x0000000747900000, 0x0000000747900000|100%| E|CS|TAMS 0x0000000747800000, 0x0000000747800000| Complete 
|  97|0x0000000747900000, 0x0000000747a00000, 0x0000000747a00000|100%| E|CS|TAMS 0x0000000747900000, 0x0000000747900000| Complete 
|  98|0x0000000747a00000, 0x0000000747b00000, 0x0000000747b00000|100%| E|CS|TAMS 0x0000000747a00000, 0x0000000747a00000| Complete 
|  99|0x0000000747b00000, 0x0000000747c00000, 0x0000000747c00000|100%| E|CS|TAMS 0x0000000747b00000, 0x0000000747b00000| Complete 
| 100|0x0000000747c00000, 0x0000000747d00000, 0x0000000747d00000|100%| E|CS|TAMS 0x0000000747c00000, 0x0000000747c00000| Complete 
| 101|0x0000000747d00000, 0x0000000747e00000, 0x0000000747e00000|100%| E|CS|TAMS 0x0000000747d00000, 0x0000000747d00000| Complete 
| 102|0x0000000747e00000, 0x0000000747f00000, 0x0000000747f00000|100%| E|CS|TAMS 0x0000000747e00000, 0x0000000747e00000| Complete 
| 103|0x0000000747f00000, 0x0000000748000000, 0x0000000748000000|100%| E|CS|TAMS 0x0000000747f00000, 0x0000000747f00000| Complete 
| 104|0x0000000748000000, 0x0000000748100000, 0x0000000748100000|100%| E|CS|TAMS 0x0000000748000000, 0x0000000748000000| Complete 
| 105|0x0000000748100000, 0x0000000748200000, 0x0000000748200000|100%| E|CS|TAMS 0x0000000748100000, 0x0000000748100000| Complete 
| 106|0x0000000748200000, 0x0000000748300000, 0x0000000748300000|100%| E|CS|TAMS 0x0000000748200000, 0x0000000748200000| Complete 
| 107|0x0000000748300000, 0x0000000748400000, 0x0000000748400000|100%| E|CS|TAMS 0x0000000748300000, 0x0000000748300000| Complete 
| 108|0x0000000748400000, 0x0000000748500000, 0x0000000748500000|100%| E|CS|TAMS 0x0000000748400000, 0x0000000748400000| Complete 
| 109|0x0000000748500000, 0x0000000748600000, 0x0000000748600000|100%| E|CS|TAMS 0x0000000748500000, 0x0000000748500000| Complete 
| 110|0x0000000748600000, 0x0000000748700000, 0x0000000748700000|100%| E|CS|TAMS 0x0000000748600000, 0x0000000748600000| Complete 
| 111|0x0000000748700000, 0x0000000748800000, 0x0000000748800000|100%| E|CS|TAMS 0x0000000748700000, 0x0000000748700000| Complete 
| 112|0x0000000748800000, 0x0000000748900000, 0x0000000748900000|100%| E|CS|TAMS 0x0000000748800000, 0x0000000748800000| Complete 
| 113|0x0000000748900000, 0x0000000748a00000, 0x0000000748a00000|100%| E|CS|TAMS 0x0000000748900000, 0x0000000748900000| Complete 
| 114|0x0000000748a00000, 0x0000000748b00000, 0x0000000748b00000|100%| E|CS|TAMS 0x0000000748a00000, 0x0000000748a00000| Complete 
| 115|0x0000000748b00000, 0x0000000748c00000, 0x0000000748c00000|100%| E|CS|TAMS 0x0000000748b00000, 0x0000000748b00000| Complete 
| 116|0x0000000748c00000, 0x0000000748d00000, 0x0000000748d00000|100%| E|CS|TAMS 0x0000000748c00000, 0x0000000748c00000| Complete 
| 117|0x0000000748d00000, 0x0000000748e00000, 0x0000000748e00000|100%| E|CS|TAMS 0x0000000748d00000, 0x0000000748d00000| Complete 
| 118|0x0000000748e00000, 0x0000000748f00000, 0x0000000748f00000|100%| E|CS|TAMS 0x0000000748e00000, 0x0000000748e00000| Complete 
| 119|0x0000000748f00000, 0x0000000749000000, 0x0000000749000000|100%| E|CS|TAMS 0x0000000748f00000, 0x0000000748f00000| Complete 
| 120|0x0000000749000000, 0x0000000749100000, 0x0000000749100000|100%| E|CS|TAMS 0x0000000749000000, 0x0000000749000000| Complete 
| 121|0x0000000749100000, 0x0000000749200000, 0x0000000749200000|100%| E|CS|TAMS 0x0000000749100000, 0x0000000749100000| Complete 
| 122|0x0000000749200000, 0x0000000749300000, 0x0000000749300000|100%| E|CS|TAMS 0x0000000749200000, 0x0000000749200000| Complete 
| 123|0x0000000749300000, 0x0000000749400000, 0x0000000749400000|100%| E|CS|TAMS 0x0000000749300000, 0x0000000749300000| Complete 
| 124|0x0000000749400000, 0x0000000749500000, 0x0000000749500000|100%| E|CS|TAMS 0x0000000749400000, 0x0000000749400000| Complete 
| 125|0x0000000749500000, 0x0000000749600000, 0x0000000749600000|100%| E|CS|TAMS 0x0000000749500000, 0x0000000749500000| Complete 
| 126|0x0000000749600000, 0x0000000749700000, 0x0000000749700000|100%| E|CS|TAMS 0x0000000749600000, 0x0000000749600000| Complete 
| 127|0x0000000749700000, 0x0000000749800000, 0x0000000749800000|100%| E|CS|TAMS 0x0000000749700000, 0x0000000749700000| Complete 
| 128|0x0000000749800000, 0x0000000749900000, 0x0000000749900000|100%| E|CS|TAMS 0x0000000749800000, 0x0000000749800000| Complete 
| 129|0x0000000749900000, 0x0000000749a00000, 0x0000000749a00000|100%| E|CS|TAMS 0x0000000749900000, 0x0000000749900000| Complete 
| 130|0x0000000749a00000, 0x0000000749b00000, 0x0000000749b00000|100%| E|CS|TAMS 0x0000000749a00000, 0x0000000749a00000| Complete 
| 131|0x0000000749b00000, 0x0000000749c00000, 0x0000000749c00000|100%| E|CS|TAMS 0x0000000749b00000, 0x0000000749b00000| Complete 
| 132|0x0000000749c00000, 0x0000000749d00000, 0x0000000749d00000|100%| E|CS|TAMS 0x0000000749c00000, 0x0000000749c00000| Complete 
| 133|0x0000000749d00000, 0x0000000749e00000, 0x0000000749e00000|100%| E|CS|TAMS 0x0000000749d00000, 0x0000000749d00000| Complete 
| 134|0x0000000749e00000, 0x0000000749f00000, 0x0000000749f00000|100%| E|CS|TAMS 0x0000000749e00000, 0x0000000749e00000| Complete 
| 135|0x0000000749f00000, 0x000000074a000000, 0x000000074a000000|100%| E|CS|TAMS 0x0000000749f00000, 0x0000000749f00000| Complete 
| 136|0x000000074a000000, 0x000000074a100000, 0x000000074a100000|100%| E|CS|TAMS 0x000000074a000000, 0x000000074a000000| Complete 
| 137|0x000000074a100000, 0x000000074a200000, 0x000000074a200000|100%| E|CS|TAMS 0x000000074a100000, 0x000000074a100000| Complete 
| 138|0x000000074a200000, 0x000000074a300000, 0x000000074a300000|100%| E|CS|TAMS 0x000000074a200000, 0x000000074a200000| Complete 
| 139|0x000000074a300000, 0x000000074a400000, 0x000000074a400000|100%| E|CS|TAMS 0x000000074a300000, 0x000000074a300000| Complete 
| 140|0x000000074a400000, 0x000000074a500000, 0x000000074a500000|100%| E|CS|TAMS 0x000000074a400000, 0x000000074a400000| Complete 
| 141|0x000000074a500000, 0x000000074a5ef980, 0x000000074a600000| 93%| E|CS|TAMS 0x000000074a500000, 0x000000074a500000| Complete 
| 142|0x000000074a600000, 0x000000074a700000, 0x000000074a700000|100%| E|CS|TAMS 0x000000074a600000, 0x000000074a600000| Complete 
| 143|0x000000074a700000, 0x000000074a800000, 0x000000074a800000|100%| E|CS|TAMS 0x000000074a700000, 0x000000074a700000| Complete 
| 144|0x000000074a800000, 0x000000074a900000, 0x000000074a900000|100%| E|CS|TAMS 0x000000074a800000, 0x000000074a800000| Complete 
| 145|0x000000074a900000, 0x000000074aa00000, 0x000000074aa00000|100%| E|CS|TAMS 0x000000074a900000, 0x000000074a900000| Complete 
| 146|0x000000074aa00000, 0x000000074ab00000, 0x000000074ab00000|100%| E|CS|TAMS 0x000000074aa00000, 0x000000074aa00000| Complete 
| 147|0x000000074ab00000, 0x000000074ac00000, 0x000000074ac00000|100%| E|CS|TAMS 0x000000074ab00000, 0x000000074ab00000| Complete 
| 148|0x000000074ac00000, 0x000000074ad00000, 0x000000074ad00000|100%| E|CS|TAMS 0x000000074ac00000, 0x000000074ac00000| Complete 
| 149|0x000000074ad00000, 0x000000074ae00000, 0x000000074ae00000|100%| E|CS|TAMS 0x000000074ad00000, 0x000000074ad00000| Complete 
| 150|0x000000074ae00000, 0x000000074af00000, 0x000000074af00000|100%| E|CS|TAMS 0x000000074ae00000, 0x000000074ae00000| Complete 
| 151|0x000000074af00000, 0x000000074b000000, 0x000000074b000000|100%| E|CS|TAMS 0x000000074af00000, 0x000000074af00000| Complete 
| 152|0x000000074b000000, 0x000000074b100000, 0x000000074b100000|100%| E|CS|TAMS 0x000000074b000000, 0x000000074b000000| Complete 
| 153|0x000000074b100000, 0x000000074b200000, 0x000000074b200000|100%| E|CS|TAMS 0x000000074b100000, 0x000000074b100000| Complete 
| 154|0x000000074b200000, 0x000000074b300000, 0x000000074b300000|100%| E|CS|TAMS 0x000000074b200000, 0x000000074b200000| Complete 
| 155|0x000000074b300000, 0x000000074b400000, 0x000000074b400000|100%| E|CS|TAMS 0x000000074b300000, 0x000000074b300000| Complete 
| 156|0x000000074b400000, 0x000000074b500000, 0x000000074b500000|100%| E|CS|TAMS 0x000000074b400000, 0x000000074b400000| Complete 
| 157|0x000000074b500000, 0x000000074b600000, 0x000000074b600000|100%| E|CS|TAMS 0x000000074b500000, 0x000000074b500000| Complete 
| 158|0x000000074b600000, 0x000000074b700000, 0x000000074b700000|100%| E|CS|TAMS 0x000000074b600000, 0x000000074b600000| Complete 
| 159|0x000000074b700000, 0x000000074b800000, 0x000000074b800000|100%| E|CS|TAMS 0x000000074b700000, 0x000000074b700000| Complete 
| 160|0x000000074b800000, 0x000000074b900000, 0x000000074b900000|100%| E|CS|TAMS 0x000000074b800000, 0x000000074b800000| Complete 
| 161|0x000000074b900000, 0x000000074ba00000, 0x000000074ba00000|100%| E|CS|TAMS 0x000000074b900000, 0x000000074b900000| Complete 
| 162|0x000000074ba00000, 0x000000074bb00000, 0x000000074bb00000|100%| E|CS|TAMS 0x000000074ba00000, 0x000000074ba00000| Complete 
| 163|0x000000074bb00000, 0x000000074bc00000, 0x000000074bc00000|100%| E|CS|TAMS 0x000000074bb00000, 0x000000074bb00000| Complete 
| 164|0x000000074bc00000, 0x000000074bd00000, 0x000000074bd00000|100%| E|CS|TAMS 0x000000074bc00000, 0x000000074bc00000| Complete 
| 165|0x000000074bd00000, 0x000000074be00000, 0x000000074be00000|100%| E|CS|TAMS 0x000000074bd00000, 0x000000074bd00000| Complete 
| 166|0x000000074be00000, 0x000000074bf00000, 0x000000074bf00000|100%| E|CS|TAMS 0x000000074be00000, 0x000000074be00000| Complete 
| 167|0x000000074bf00000, 0x000000074c000000, 0x000000074c000000|100%| E|CS|TAMS 0x000000074bf00000, 0x000000074bf00000| Complete 
| 168|0x000000074c000000, 0x000000074c100000, 0x000000074c100000|100%| E|CS|TAMS 0x000000074c000000, 0x000000074c000000| Complete 
| 169|0x000000074c100000, 0x000000074c200000, 0x000000074c200000|100%| E|CS|TAMS 0x000000074c100000, 0x000000074c100000| Complete 
| 170|0x000000074c200000, 0x000000074c300000, 0x000000074c300000|100%| E|CS|TAMS 0x000000074c200000, 0x000000074c200000| Complete 
| 171|0x000000074c300000, 0x000000074c400000, 0x000000074c400000|100%| E|CS|TAMS 0x000000074c300000, 0x000000074c300000| Complete 
| 172|0x000000074c400000, 0x000000074c500000, 0x000000074c500000|100%| E|CS|TAMS 0x000000074c400000, 0x000000074c400000| Complete 
| 173|0x000000074c500000, 0x000000074c600000, 0x000000074c600000|100%| E|CS|TAMS 0x000000074c500000, 0x000000074c500000| Complete 
| 174|0x000000074c600000, 0x000000074c700000, 0x000000074c700000|100%| E|CS|TAMS 0x000000074c600000, 0x000000074c600000| Complete 
| 175|0x000000074c700000, 0x000000074c800000, 0x000000074c800000|100%| E|CS|TAMS 0x000000074c700000, 0x000000074c700000| Complete 
| 176|0x000000074c800000, 0x000000074c900000, 0x000000074c900000|100%| E|CS|TAMS 0x000000074c800000, 0x000000074c800000| Complete 
| 177|0x000000074c900000, 0x000000074ca00000, 0x000000074ca00000|100%| E|CS|TAMS 0x000000074c900000, 0x000000074c900000| Complete 
| 178|0x000000074ca00000, 0x000000074cb00000, 0x000000074cb00000|100%| E|CS|TAMS 0x000000074ca00000, 0x000000074ca00000| Complete 
| 179|0x000000074cb00000, 0x000000074cc00000, 0x000000074cc00000|100%| E|CS|TAMS 0x000000074cb00000, 0x000000074cb00000| Complete 
| 180|0x000000074cc00000, 0x000000074cd00000, 0x000000074cd00000|100%| E|CS|TAMS 0x000000074cc00000, 0x000000074cc00000| Complete 
| 181|0x000000074cd00000, 0x000000074ce00000, 0x000000074ce00000|100%| E|CS|TAMS 0x000000074cd00000, 0x000000074cd00000| Complete 
| 182|0x000000074ce00000, 0x000000074cf00000, 0x000000074cf00000|100%| E|CS|TAMS 0x000000074ce00000, 0x000000074ce00000| Complete 
| 183|0x000000074cf00000, 0x000000074d000000, 0x000000074d000000|100%| E|CS|TAMS 0x000000074cf00000, 0x000000074cf00000| Complete 
| 184|0x000000074d000000, 0x000000074d100000, 0x000000074d100000|100%| E|CS|TAMS 0x000000074d000000, 0x000000074d000000| Complete 
| 185|0x000000074d100000, 0x000000074d200000, 0x000000074d200000|100%| E|CS|TAMS 0x000000074d100000, 0x000000074d100000| Complete 
| 186|0x000000074d200000, 0x000000074d300000, 0x000000074d300000|100%| E|CS|TAMS 0x000000074d200000, 0x000000074d200000| Complete 
| 187|0x000000074d300000, 0x000000074d400000, 0x000000074d400000|100%| E|CS|TAMS 0x000000074d300000, 0x000000074d300000| Complete 
| 188|0x000000074d400000, 0x000000074d500000, 0x000000074d500000|100%| E|CS|TAMS 0x000000074d400000, 0x000000074d400000| Complete 
| 189|0x000000074d500000, 0x000000074d600000, 0x000000074d600000|100%| E|CS|TAMS 0x000000074d500000, 0x000000074d500000| Complete 
| 190|0x000000074d600000, 0x000000074d700000, 0x000000074d700000|100%| E|CS|TAMS 0x000000074d600000, 0x000000074d600000| Complete 
| 191|0x000000074d700000, 0x000000074d800000, 0x000000074d800000|100%| E|CS|TAMS 0x000000074d700000, 0x000000074d700000| Complete 

Card table byte_map: [0x000001eeb42f0000,0x000001eeb48f0000] _byte_map_base: 0x000001eeb08e4000

Marking Bits (Prev, Next): (CMBitMap*) 0x000001ee9c959c68, (CMBitMap*) 0x000001ee9c959ca8
 Prev Bits: [0x000001eeb4ef0000, 0x000001eeb7e90000)
 Next Bits: [0x000001eeb7e90000, 0x000001eebae30000)

Polling page: 0x000001ee9a7c0000

Metaspace:

Usage:
  Non-class:     17.70 MB capacity,    17.31 MB ( 98%) used,   351.94 KB (  2%) free+waste,    55.25 KB ( <1%) overhead. 
      Class:      2.67 MB capacity,     2.45 MB ( 92%) used,   191.41 KB (  7%) free+waste,    27.75 KB (  1%) overhead. 
       Both:     20.37 MB capacity,    19.76 MB ( 97%) used,   543.35 KB (  3%) free+waste,    83.00 KB ( <1%) overhead. 

Virtual space:
  Non-class space:       18.00 MB reserved,      17.75 MB ( 99%) committed 
      Class space:        1.00 GB reserved,       2.75 MB ( <1%) committed 
             Both:        1.02 GB reserved,      20.50 MB (  2%) committed 

Chunk freelists:
   Non-Class:  6.00 KB
       Class:  2.63 KB
        Both:  8.63 KB

CodeHeap 'non-profiled nmethods': size=120064Kb used=985Kb max_used=985Kb free=119078Kb
 bounds [0x000001eeac7b0000, 0x000001eeaca20000, 0x000001eeb3cf0000]
CodeHeap 'profiled nmethods': size=120000Kb used=6095Kb max_used=6095Kb free=113905Kb
 bounds [0x000001eea5280000, 0x000001eea5880000, 0x000001eeac7b0000]
CodeHeap 'non-nmethods': size=5696Kb used=1172Kb max_used=1206Kb free=4524Kb
 bounds [0x000001eea4cf0000, 0x000001eea4f60000, 0x000001eea5280000]
 total_blobs=3633 nmethods=2507 adapters=407
 compilation: enabled
              stopped_count=0, restarted_count=0
 full_count=0

Compilation events (10 events):
Event: 2.406 Thread 0x000001eebdc01800 nmethod 2554 0x000001eea584ee10 code [0x000001eea584efc0, 0x000001eea584f198]
Event: 2.406 Thread 0x000001eebdc01800 2556       1       com.sun.management.internal.DiagnosticCommandArgumentInfo::getName (5 bytes)
Event: 2.406 Thread 0x000001eebdc01800 nmethod 2556 0x000001eeac899710 code [0x000001eeac8998c0, 0x000001eeac8999f8]
Event: 2.406 Thread 0x000001eebdc01800 2557       1       com.sun.management.internal.DiagnosticCommandInfo::getArgumentsInfo (5 bytes)
Event: 2.406 Thread 0x000001eebdc01800 nmethod 2557 0x000001eeac899a90 code [0x000001eeac899c40, 0x000001eeac899d78]
Event: 2.406 Thread 0x000001eebdc01800 2558       2       java.util.Arrays$ArrayList::size (6 bytes)
Event: 2.406 Thread 0x000001eebdc01800 nmethod 2558 0x000001eea584f210 code [0x000001eea584f3c0, 0x000001eea584f538]
Event: 2.407 Thread 0x000001eebdc01800 2559       2       java.util.TreeMap::rotateRight (96 bytes)
Event: 2.407 Thread 0x000001eebdc01800 nmethod 2559 0x000001eea584f610 code [0x000001eea584f7e0, 0x000001eea584fcf8]
Event: 2.407 Thread 0x000001eebdc01800 2560       2       java.util.HashMap::keySet (25 bytes)

GC Heap History (8 events):
Event: 0.586 GC heap before
{Heap before GC invocations=0 (full 0):
 garbage-first heap   total 196608K, used 14336K [0x0000000741800000, 0x0000000800000000)
  region size 1024K, 14 young (14336K), 0 survivors (0K)
 Metaspace       used 2700K, capacity 5649K, committed 5760K, reserved 1056768K
  class space    used 278K, capacity 542K, committed 640K, reserved 1048576K
}
Event: 0.591 GC heap after
{Heap after GC invocations=1 (full 0):
 garbage-first heap   total 196608K, used 5973K [0x0000000741800000, 0x0000000800000000)
  region size 1024K, 2 young (2048K), 2 survivors (2048K)
 Metaspace       used 2700K, capacity 5649K, committed 5760K, reserved 1056768K
  class space    used 278K, capacity 542K, committed 640K, reserved 1048576K
}
Event: 0.696 GC heap before
{Heap before GC invocations=1 (full 0):
 garbage-first heap   total 196608K, used 12117K [0x0000000741800000, 0x0000000800000000)
  region size 1024K, 9 young (9216K), 2 survivors (2048K)
 Metaspace       used 3669K, capacity 6112K, committed 6272K, reserved 1056768K
  class space    used 401K, capacity 634K, committed 640K, reserved 1048576K
}
Event: 0.699 GC heap after
{Heap after GC invocations=2 (full 0):
 garbage-first heap   total 196608K, used 6197K [0x0000000741800000, 0x0000000800000000)
  region size 1024K, 1 young (1024K), 1 survivors (1024K)
 Metaspace       used 3669K, capacity 6112K, committed 6272K, reserved 1056768K
  class space    used 401K, capacity 634K, committed 640K, reserved 1048576K
}
Event: 0.712 GC heap before
{Heap before GC invocations=2 (full 0):
 garbage-first heap   total 196608K, used 30773K [0x0000000741800000, 0x0000000800000000)
  region size 1024K, 26 young (26624K), 1 survivors (1024K)
 Metaspace       used 3669K, capacity 6112K, committed 6272K, reserved 1056768K
  class space    used 401K, capacity 634K, committed 640K, reserved 1048576K
}
Event: 0.713 GC heap after
{Heap after GC invocations=3 (full 0):
 garbage-first heap   total 196608K, used 6237K [0x0000000741800000, 0x0000000800000000)
  region size 1024K, 1 young (1024K), 1 survivors (1024K)
 Metaspace       used 3669K, capacity 6112K, committed 6272K, reserved 1056768K
  class space    used 401K, capacity 634K, committed 640K, reserved 1048576K
}
Event: 1.314 GC heap before
{Heap before GC invocations=3 (full 0):
 garbage-first heap   total 196608K, used 54365K [0x0000000741800000, 0x0000000800000000)
  region size 1024K, 49 young (50176K), 1 survivors (1024K)
 Metaspace       used 10087K, capacity 11023K, committed 11264K, reserved 1058816K
  class space    used 1346K, capacity 1466K, committed 1536K, reserved 1048576K
}
Event: 1.317 GC heap after
{Heap after GC invocations=4 (full 0):
 garbage-first heap   total 196608K, used 7841K [0x0000000741800000, 0x0000000800000000)
  region size 1024K, 2 young (2048K), 2 survivors (2048K)
 Metaspace       used 10087K, capacity 11023K, committed 11264K, reserved 1058816K
  class space    used 1346K, capacity 1466K, committed 1536K, reserved 1048576K
}

Deoptimization events (10 events):
Event: 1.349 Thread 0x000001eebe862000 Uncommon trap: reason=unstable_if action=reinterpret pc=0x000001eeac7ff778 method=java.io.WinNTFileSystem.normalize(Ljava/lang/String;II)Ljava/lang/String; @ 87 c2
Event: 1.363 Thread 0x000001eebe695000 Uncommon trap: reason=unstable_if action=reinterpret pc=0x000001eeac803e50 method=java.util.concurrent.ConcurrentHashMap.get(Ljava/lang/Object;)Ljava/lang/Object; @ 76 c2
Event: 1.597 Thread 0x000001eebe862000 Uncommon trap: reason=unstable_if action=reinterpret pc=0x000001eeac7c769c method=java.util.zip.ZipFile$Source.getEntryPos([BZ)I @ 156 c2
Event: 1.728 Thread 0x000001eebe862000 Uncommon trap: reason=unstable_if action=reinterpret pc=0x000001eeac864d44 method=java.lang.String.<init>([CIILjava/lang/Void;)V @ 5 c2
Event: 1.851 Thread 0x000001eebe695000 Uncommon trap: reason=unstable_if action=reinterpret pc=0x000001eeac85fd54 method=java.nio.Buffer.position(I)Ljava/nio/Buffer; @ 45 c2
Event: 1.855 Thread 0x000001eebe862000 Uncommon trap: reason=unstable_if action=reinterpret pc=0x000001eeac857c70 method=java.lang.String.<init>([CIILjava/lang/Void;)V @ 5 c2
Event: 1.888 Thread 0x000001eebe695000 Uncommon trap: reason=unstable_if action=reinterpret pc=0x000001eeac81b150 method=java.nio.Buffer.position(I)Ljava/nio/Buffer; @ 45 c2
Event: 1.923 Thread 0x000001eebe862000 Uncommon trap: reason=unstable_if action=reinterpret pc=0x000001eeac876328 method=org.springframework.asm.ClassReader.readUtf(II[C)Ljava/lang/String; @ 41 c2
Event: 1.923 Thread 0x000001eebe862000 Uncommon trap: reason=unstable_if action=reinterpret pc=0x000001eeac7cb7c8 method=java.lang.StringUTF16.compress([CI[BII)I @ 20 c2
Event: 2.176 Thread 0x000001eebe695000 Uncommon trap: reason=unstable_if action=reinterpret pc=0x000001eeac892808 method=com.sun.org.apache.xerces.internal.impl.XMLEntityScanner.skipSpaces()Z @ 125 c2

Classes redefined (0 events):
No events

Internal exceptions (10 events):
Event: 1.540 Thread 0x000001eebe862000 Exception <a 'java/lang/ClassNotFoundException'{0x000000074c54bee0}: org/springframework/beans/factory/BeanClassLoaderAwareCustomizer> (0x000000074c54bee0) thrown at [t:/workspace/open/src/hotspot/share/classfile/systemDictionary.cpp, line 235]
Event: 1.540 Thread 0x000001eebe862000 Exception <a 'java/lang/ClassNotFoundException'{0x000000074c558fd0}: org/springframework/beans/factory/AwareCustomizer> (0x000000074c558fd0) thrown at [t:/workspace/open/src/hotspot/share/classfile/systemDictionary.cpp, line 235]
Event: 1.542 Thread 0x000001eebe862000 Exception <a 'java/lang/ClassNotFoundException'{0x000000074c565a78}: org/springframework/context/EnvironmentAwareCustomizer> (0x000000074c565a78) thrown at [t:/workspace/open/src/hotspot/share/classfile/systemDictionary.cpp, line 235]
Event: 1.543 Thread 0x000001eebe862000 Exception <a 'java/lang/ClassNotFoundException'{0x000000074c572ab8}: org/springframework/beans/factory/AwareCustomizer> (0x000000074c572ab8) thrown at [t:/workspace/open/src/hotspot/share/classfile/systemDictionary.cpp, line 235]
Event: 1.804 Thread 0x000001eebe695000 Exception <a 'java/lang/NoSuchMethodError'{0x000000074b2c7a08}: java.lang.invoke.DirectMethodHandle$Holder.invokeStatic(Ljava/lang/Object;Ljava/lang/Object;)J> (0x000000074b2c7a08) thrown at [t:/workspace/open/src/hotspot/share/interpreter/linkResolver.cp
Event: 1.804 Thread 0x000001eebe695000 Exception <a 'java/lang/NoSuchMethodError'{0x000000074b2ca828}: java.lang.invoke.DirectMethodHandle$Holder.invokeStaticInit(Ljava/lang/Object;Ljava/lang/Object;)J> (0x000000074b2ca828) thrown at [t:/workspace/open/src/hotspot/share/interpreter/linkResolve
Event: 1.809 Thread 0x000001eebe695000 Exception <a 'java/lang/NoSuchMethodError'{0x000000074b2d6280}: java.lang.invoke.DirectMethodHandle$Holder.invokeInterface(Ljava/lang/Object;Ljava/lang/Object;)J> (0x000000074b2d6280) thrown at [t:/workspace/open/src/hotspot/share/interpreter/linkResolver
Event: 1.818 Thread 0x000001eebe695000 Exception <a 'java/lang/IncompatibleClassChangeError'{0x000000074b2d8da8}: Found class java.lang.Object, but interface was expected> (0x000000074b2d8da8) thrown at [t:/workspace/open/src/hotspot/share/interpreter/linkResolver.cpp, line 843]
Event: 1.831 Thread 0x000001eebe695000 Exception <a 'java/lang/NoSuchMethodError'{0x000000074af046a0}: java.lang.invoke.DirectMethodHandle$Holder.invokeVirtual(Ljava/lang/Object;Ljava/lang/Object;Ljava/lang/Object;Ljava/lang/Object;)Ljava/lang/Object;> (0x000000074af046a0) thrown at [t:/worksp
Event: 2.285 Thread 0x000001eebe695000 Exception <a 'java/lang/IncompatibleClassChangeError'{0x0000000749cfd130}: Found class java.lang.Object, but interface was expected> (0x0000000749cfd130) thrown at [t:/workspace/open/src/hotspot/share/interpreter/linkResolver.cpp, line 843]

Events (10 events):
Event: 2.400 loading class com/sun/management/internal/DiagnosticCommandImpl$OperationInfoComparator done
Event: 2.401 loading class com/sun/management/internal/DiagnosticCommandInfo
Event: 2.401 loading class com/sun/management/internal/DiagnosticCommandInfo done
Event: 2.401 loading class com/sun/management/internal/DiagnosticCommandArgumentInfo
Event: 2.401 loading class com/sun/management/internal/DiagnosticCommandArgumentInfo done
Event: 2.402 loading class com/sun/management/internal/DiagnosticCommandImpl$Wrapper
Event: 2.402 loading class com/sun/management/internal/DiagnosticCommandImpl$Wrapper done
Event: 2.406 Thread 0x000001eebe862000 DEOPT PACKING pc=0x000001eea5402b1c sp=0x000000ae9c9fc930
Event: 2.406 Thread 0x000001eebe862000 DEOPT UNPACKING pc=0x000001eea4d19a4e sp=0x000000ae9c9fbed0 mode 0
Event: 2.407 loading class com/sun/management/GcInfo


Dynamic libraries:
0x00007ff74e050000 - 0x00007ff74e05f000 	C:\Program Files\Java\jdk-12.0.2\bin\javaw.exe
0x00007ff9b3200000 - 0x00007ff9b33f0000 	C:\Windows\SYSTEM32\ntdll.dll
0x00007ff99d430000 - 0x00007ff99d442000 	C:\Program Files\AVAST Software\Avast\aswhook.dll
0x00007ff9b1fd0000 - 0x00007ff9b2082000 	C:\Windows\System32\KERNEL32.DLL
0x00007ff9b0db0000 - 0x00007ff9b1053000 	C:\Windows\System32\KERNELBASE.dll
0x00007ff9adf30000 - 0x00007ff9adfbf000 	C:\Windows\SYSTEM32\apphelp.dll
0x00007ff9b11b0000 - 0x00007ff9b12aa000 	C:\Windows\System32\ucrtbase.dll
0x00007ff9906d0000 - 0x00007ff9906e8000 	C:\Program Files\Java\jdk-12.0.2\bin\jli.dll
0x00007ff9b12b0000 - 0x00007ff9b1353000 	C:\Windows\System32\ADVAPI32.dll
0x00007ff9b2090000 - 0x00007ff9b212e000 	C:\Windows\System32\msvcrt.dll
0x00007ff9b1740000 - 0x00007ff9b17d7000 	C:\Windows\System32\sechost.dll
0x00007ff9b1980000 - 0x00007ff9b1aa0000 	C:\Windows\System32\RPCRT4.dll
0x00007ff9b17e0000 - 0x00007ff9b1973000 	C:\Windows\System32\USER32.dll
0x00007ff9b0330000 - 0x00007ff9b0351000 	C:\Windows\System32\win32u.dll
0x00007ff9b2fd0000 - 0x00007ff9b2ff6000 	C:\Windows\System32\GDI32.dll
0x00007ff9b0190000 - 0x00007ff9b0324000 	C:\Windows\System32\gdi32full.dll
0x00007ff9b0ce0000 - 0x00007ff9b0d7e000 	C:\Windows\System32\msvcp_win.dll
0x00007ff9ac730000 - 0x00007ff9ac746000 	C:\Program Files\Java\jdk-12.0.2\bin\VCRUNTIME140.dll
0x00007ff9a2150000 - 0x00007ff9a23d5000 	C:\Windows\WinSxS\amd64_microsoft.windows.common-controls_6595b64144ccf1df_6.0.18362.295_none_e6c3acbd13101292\COMCTL32.dll
0x00007ff9b2130000 - 0x00007ff9b2466000 	C:\Windows\System32\combase.dll
0x00007ff9b0360000 - 0x00007ff9b03e0000 	C:\Windows\System32\bcryptPrimitives.dll
0x00007ff9a5da0000 - 0x00007ff9a5daa000 	C:\Windows\SYSTEM32\VERSION.dll
0x00007ff9b1410000 - 0x00007ff9b143e000 	C:\Windows\System32\IMM32.DLL
0x00007ff99f310000 - 0x00007ff99f3ba000 	C:\Program Files\Java\jdk-12.0.2\bin\msvcp140.dll
0x00007ff943f20000 - 0x00007ff944a97000 	C:\Program Files\Java\jdk-12.0.2\bin\server\jvm.dll
0x00007ff9b2470000 - 0x00007ff9b2478000 	C:\Windows\System32\PSAPI.DLL
0x00007ff9a24e0000 - 0x00007ff9a24e9000 	C:\Windows\SYSTEM32\WSOCK32.dll
0x00007ff9b2480000 - 0x00007ff9b24ef000 	C:\Windows\System32\WS2_32.dll
0x00007ff9aca50000 - 0x00007ff9aca74000 	C:\Windows\SYSTEM32\WINMM.dll
0x00007ff9aca20000 - 0x00007ff9aca4d000 	C:\Windows\SYSTEM32\WINMMBASE.dll
0x00007ff9b03e0000 - 0x00007ff9b042a000 	C:\Windows\System32\cfgmgr32.dll
0x00007ff9b0170000 - 0x00007ff9b0181000 	C:\Windows\System32\kernel.appcore.dll
0x00007ff9a08c0000 - 0x00007ff9a08d1000 	C:\Program Files\Java\jdk-12.0.2\bin\verify.dll
0x00007ff9aeac0000 - 0x00007ff9aecb4000 	C:\Windows\SYSTEM32\DBGHELP.DLL
0x00007ff99e9f0000 - 0x00007ff99ea1a000 	C:\Windows\SYSTEM32\dbgcore.DLL
0x00007ff9906f0000 - 0x00007ff990716000 	C:\Program Files\Java\jdk-12.0.2\bin\java.dll
0x00007ff9906b0000 - 0x00007ff9906c7000 	C:\Program Files\Java\jdk-12.0.2\bin\zip.dll
0x00007ff9a3280000 - 0x00007ff9a328a000 	C:\Program Files\Java\jdk-12.0.2\bin\jimage.dll
0x00007ff9b2720000 - 0x00007ff9b2e02000 	C:\Windows\System32\SHELL32.dll
0x00007ff9b1360000 - 0x00007ff9b1409000 	C:\Windows\System32\shcore.dll
0x00007ff9b0560000 - 0x00007ff9b0cdc000 	C:\Windows\System32\windows.storage.dll
0x00007ff9b0130000 - 0x00007ff9b014f000 	C:\Windows\System32\profapi.dll
0x00007ff9b00e0000 - 0x00007ff9b012a000 	C:\Windows\System32\powrprof.dll
0x00007ff9b00d0000 - 0x00007ff9b00e0000 	C:\Windows\System32\UMPDC.dll
0x00007ff9b15e0000 - 0x00007ff9b1632000 	C:\Windows\System32\shlwapi.dll
0x00007ff9b0490000 - 0x00007ff9b04a7000 	C:\Windows\System32\cryptsp.dll
0x00007ff990690000 - 0x00007ff9906a9000 	C:\Program Files\Java\jdk-12.0.2\bin\net.dll
0x00007ff9a46f0000 - 0x00007ff9a47e0000 	C:\Windows\SYSTEM32\WINHTTP.dll
0x00007ff99dee0000 - 0x00007ff99e0b6000 	C:\Windows\SYSTEM32\urlmon.dll
0x00007ff9a3390000 - 0x00007ff9a3636000 	C:\Windows\SYSTEM32\iertutil.dll
0x00007ff9afb10000 - 0x00007ff9afb1c000 	C:\Windows\SYSTEM32\CRYPTBASE.DLL
0x00007ff9af940000 - 0x00007ff9af9a7000 	C:\Windows\system32\mswsock.dll
0x00007ff990670000 - 0x00007ff990683000 	C:\Program Files\Java\jdk-12.0.2\bin\nio.dll
0x00007ff9acb20000 - 0x00007ff9acb29000 	C:\Program Files\Java\jdk-12.0.2\bin\management.dll
0x00007ff9a5a20000 - 0x00007ff9a5a2c000 	C:\Program Files\Java\jdk-12.0.2\bin\management_ext.dll
0x00007ff9a59b0000 - 0x00007ff9a59c6000 	C:\Windows\system32\napinsp.dll
0x00007ff9a31f0000 - 0x00007ff9a320a000 	C:\Windows\system32\pnrpnsp.dll
0x00007ff9af690000 - 0x00007ff9af75a000 	C:\Windows\SYSTEM32\DNSAPI.dll
0x00007ff9b16c0000 - 0x00007ff9b16c8000 	C:\Windows\System32\NSI.dll
0x00007ff9af650000 - 0x00007ff9af68a000 	C:\Windows\SYSTEM32\IPHLPAPI.DLL
0x00007ff9acb30000 - 0x00007ff9acb3e000 	C:\Windows\System32\winrnr.dll
0x00007ff9ac5f0000 - 0x00007ff9ac60c000 	C:\Windows\system32\NLAapi.dll
0x00007ff9aba90000 - 0x00007ff9abaa5000 	C:\Windows\system32\wshbth.dll
0x00007ff9a4020000 - 0x00007ff9a402a000 	C:\Windows\System32\rasadhlp.dll
0x00007ff9a65b0000 - 0x00007ff9a6627000 	C:\Windows\System32\fwpuclnt.dll
0x00007ff9b0d80000 - 0x00007ff9b0da6000 	C:\Windows\System32\bcrypt.dll

dbghelp: loaded successfully - version: 4.0.5 - missing functions: none
symbol engine: initialized successfully - sym options: 0x614 - pdb path: .;C:\Program Files\Java\jdk-12.0.2\bin;C:\Windows\SYSTEM32;C:\Program Files\AVAST Software\Avast;C:\Windows\WinSxS\amd64_microsoft.windows.common-controls_6595b64144ccf1df_6.0.18362.295_none_e6c3acbd13101292;C:\Program Files\Java\jdk-12.0.2\bin\server

VM Arguments:
jvm_args: -Dfile.encoding=UTF-8 
java_command: com.assignment.recipe.app.Application
java_class_path (initial): G:\nitin-proj\assignment\recipe.app\recipe.app\target\classes;C:\Users\lenovo\.m2\repository\org\springframework\boot\spring-boot-starter-data-jpa\2.1.8.RELEASE\spring-boot-starter-data-jpa-2.1.8.RELEASE.jar;C:\Users\lenovo\.m2\repository\org\springframework\boot\spring-boot-starter-aop\2.1.8.RELEASE\spring-boot-starter-aop-2.1.8.RELEASE.jar;C:\Users\lenovo\.m2\repository\org\springframework\spring-aop\5.1.9.RELEASE\spring-aop-5.1.9.RELEASE.jar;C:\Users\lenovo\.m2\repository\org\aspectj\aspectjweaver\1.9.4\aspectjweaver-1.9.4.jar;C:\Users\lenovo\.m2\repository\org\springframework\boot\spring-boot-starter-jdbc\2.1.8.RELEASE\spring-boot-starter-jdbc-2.1.8.RELEASE.jar;C:\Users\lenovo\.m2\repository\com\zaxxer\HikariCP\3.2.0\HikariCP-3.2.0.jar;C:\Users\lenovo\.m2\repository\org\springframework\spring-jdbc\5.1.9.RELEASE\spring-jdbc-5.1.9.RELEASE.jar;C:\Users\lenovo\.m2\repository\javax\transaction\javax.transaction-api\1.3\javax.transaction-api-1.3.jar;C:\Users\lenovo\.m2\repository\javax\xml\bind\jaxb-api\2.3.1\jaxb-api-2.3.1.jar;C:\Users\lenovo\.m2\repository\javax\activation\javax.activation-api\1.2.0\javax.activation-api-1.2.0.jar;C:\Users\lenovo\.m2\repository\org\hibernate\hibernate-core\5.3.11.Final\hibernate-core-5.3.11.Final.jar;C:\Users\lenovo\.m2\repository\org\jboss\logging\jboss-logging\3.3.3.Final\jboss-logging-3.3.3.Final.jar;C:\Users\lenovo\.m2\repository\javax\persistence\javax.persistence-api\2.2\javax.persistence-api-2.2.jar;C:\Users\lenovo\.m2\repository\org\javassist\javassist\3.23.2-GA\javassist-3.23.2-GA.jar;C:\Users\lenovo\.m2\repository\net\bytebuddy\byte-buddy\1.9.16\byte-buddy-1.9.16.jar;C:\Users\lenovo\.m2\repository\antlr\antlr\2.7.7\antlr-2.7.7.jar;C:\Users\lenovo\.m2\repository\org\jboss\jandex\2.0.5.Final\jandex-2.0.5.Final.jar;C:\Users\lenovo\.m2\repository\org\dom4j\dom4j\2.1.1\dom4j-2.1.1.jar;C:\Users\lenovo\.m2\repository\org\hibernate\common\hibernate-commons-annotations\5.0.4.Final\hibernate-commons-annot
Launcher Type: SUN_STANDARD

[Global flags]
     intx CICompilerCount                          = 3                                         {product} {ergonomic}
     uint ConcGCThreads                            = 1                                         {product} {ergonomic}
     uint G1ConcRefinementThreads                  = 4                                         {product} {ergonomic}
   size_t G1HeapRegionSize                         = 1048576                                   {product} {ergonomic}
    uintx GCDrainStackTargetSize                   = 64                                        {product} {ergonomic}
   size_t InitialHeapSize                          = 201326592                                 {product} {ergonomic}
   size_t MarkStackSize                            = 4194304                                   {product} {ergonomic}
   size_t MaxHeapSize                              = 3196059648                                {product} {ergonomic}
   size_t MaxNewSize                               = 1916796928                                {product} {ergonomic}
   size_t MinHeapDeltaBytes                        = 1048576                                   {product} {ergonomic}
    uintx NonNMethodCodeHeapSize                   = 5830732                                {pd product} {ergonomic}
    uintx NonProfiledCodeHeapSize                  = 122913754                              {pd product} {ergonomic}
    uintx ProfiledCodeHeapSize                     = 122913754                              {pd product} {ergonomic}
    uintx ReservedCodeCacheSize                    = 251658240                              {pd product} {ergonomic}
     bool SegmentedCodeCache                       = true                                      {product} {ergonomic}
     bool UseCompressedClassPointers               = true                                 {lp64_product} {ergonomic}
     bool UseCompressedOops                        = true                                 {lp64_product} {ergonomic}
     bool UseG1GC                                  = true                                      {product} {ergonomic}
     bool UseLargePagesIndividualAllocation        = false                                  {pd product} {ergonomic}

Logging:
Log output configuration:
 #0: stdout all=warning uptime,level,tags
 #1: stderr all=off uptime,level,tags

Environment Variables:
PATH=C:/Program Files/Java/jdk-12.0.2/bin/server;C:/Program Files/Java/jdk-12.0.2/bin;C:\Windows\system32;C:\Windows;C:\Windows\System32\Wbem;C:\Windows\System32\WindowsPowerShell\v1.0\;C:\Windows\System32\OpenSSH\;C:\Program Files\Microsoft VS Code\bin;C:\Program Files\nodejs\;C:\Users\lenovo\AppData\Local\Microsoft\WindowsApps;C:\Users\lenovo\AppData\Roaming\npm;C:\Users\lenovo\AppData\Local\Yarn\bin;;C:\Users\lenovo\eclipse\jee-2019-06\eclipse;
USERNAME=lenovo
OS=Windows_NT
PROCESSOR_IDENTIFIER=Intel64 Family 6 Model 142 Stepping 9, GenuineIntel



---------------  S Y S T E M  ---------------

OS: Windows 10 , 64 bit Build 18362 (10.0.18362.86)

CPU:total 4 (initial active 4) (2 cores per cpu, 2 threads per core) family 6 model 142 stepping 9, cmov, cx8, fxsr, mmx, sse, sse2, sse3, ssse3, sse4.1, sse4.2, popcnt, avx, avx2, aes, clmul, erms, 3dnowpref, lzcnt, ht, tsc, tscinvbit, bmi1, bmi2, adx, fma

Memory: 4k page, system-wide physical 12188M (1893M free)
TotalPageFile size 37795M (AvailPageFile size 12M)
current process WorkingSet (physical memory assigned to process): 225M, peak: 233M
current process commit charge ("private bytes"): 333M, peak: 342M

vm_info: Java HotSpot(TM) 64-Bit Server VM (12.0.2+10) for windows-amd64 JRE (12.0.2+10), built on Jul 16 2019 01:56:17 by "mach5one" with MS VC++ 15.5 (VS2017)

END.
